{"/Users/patenauc/Repos/benny-chain/chain-util.js": {"path":"/Users/patenauc/Repos/benny-chain/chain-util.js","statementMap":{"0":{"start":{"line":1,"column":11},"end":{"line":1,"column":33}},"1":{"start":{"line":2,"column":23},"end":{"line":2,"column":38}},"2":{"start":{"line":3,"column":19},"end":{"line":3,"column":39}},"3":{"start":{"line":6,"column":11},"end":{"line":6,"column":30}},"4":{"start":{"line":12,"column":8},"end":{"line":12,"column":31}},"5":{"start":{"line":19,"column":8},"end":{"line":19,"column":24}},"6":{"start":{"line":27,"column":8},"end":{"line":27,"column":55}},"7":{"start":{"line":37,"column":8},"end":{"line":37,"column":78}},"8":{"start":{"line":41,"column":0},"end":{"line":41,"column":27}}},"fnMap":{"0":{"name":"(anonymous_0)","decl":{"start":{"line":11,"column":4},"end":{"line":11,"column":5}},"loc":{"start":{"line":11,"column":24},"end":{"line":13,"column":5}},"line":11},"1":{"name":"(anonymous_1)","decl":{"start":{"line":18,"column":4},"end":{"line":18,"column":5}},"loc":{"start":{"line":18,"column":16},"end":{"line":20,"column":5}},"line":18},"2":{"name":"(anonymous_2)","decl":{"start":{"line":26,"column":4},"end":{"line":26,"column":5}},"loc":{"start":{"line":26,"column":22},"end":{"line":28,"column":5}},"line":26},"3":{"name":"(anonymous_3)","decl":{"start":{"line":36,"column":4},"end":{"line":36,"column":5}},"loc":{"start":{"line":36,"column":59},"end":{"line":38,"column":5}},"line":36}},"branchMap":{},"s":{"0":4,"1":4,"2":4,"3":4,"4":10,"5":9,"6":247085,"7":2,"8":4},"f":{"0":10,"1":9,"2":247085,"3":2},"b":{},"_coverageSchema":"1a1c01bbd47fc00a2c39e90264f33305004495a9","hash":"8ed297d4c0bbf55d70d07174b08a1bcaabd90ae9"}
,"/Users/patenauc/Repos/benny-chain/config.js": {"path":"/Users/patenauc/Repos/benny-chain/config.js","statementMap":{"0":{"start":{"line":1,"column":19},"end":{"line":1,"column":20}},"1":{"start":{"line":2,"column":18},"end":{"line":2,"column":22}},"2":{"start":{"line":3,"column":24},"end":{"line":3,"column":27}},"3":{"start":{"line":5,"column":0},"end":{"line":5,"column":60}}},"fnMap":{},"branchMap":{},"s":{"0":4,"1":4,"2":4,"3":4},"f":{},"b":{},"_coverageSchema":"1a1c01bbd47fc00a2c39e90264f33305004495a9","hash":"21337eb6133c9748bf45183ef3a80de51d0b78e9"}
,"/Users/patenauc/Repos/benny-chain/blockchain/block.js": {"path":"/Users/patenauc/Repos/benny-chain/blockchain/block.js","statementMap":{"0":{"start":{"line":1,"column":34},"end":{"line":1,"column":54}},"1":{"start":{"line":2,"column":18},"end":{"line":2,"column":42}},"2":{"start":{"line":13,"column":8},"end":{"line":13,"column":35}},"3":{"start":{"line":14,"column":8},"end":{"line":14,"column":33}},"4":{"start":{"line":15,"column":8},"end":{"line":15,"column":25}},"5":{"start":{"line":16,"column":8},"end":{"line":16,"column":25}},"6":{"start":{"line":17,"column":8},"end":{"line":17,"column":27}},"7":{"start":{"line":18,"column":8},"end":{"line":18,"column":51}},"8":{"start":{"line":25,"column":8},"end":{"line":31,"column":29}},"9":{"start":{"line":38,"column":8},"end":{"line":38,"column":85}},"10":{"start":{"line":48,"column":20},"end":{"line":48,"column":21}},"11":{"start":{"line":49,"column":25},"end":{"line":49,"column":39}},"12":{"start":{"line":50,"column":29},"end":{"line":50,"column":38}},"13":{"start":{"line":51,"column":8},"end":{"line":56,"column":75}},"14":{"start":{"line":52,"column":12},"end":{"line":52,"column":20}},"15":{"start":{"line":53,"column":12},"end":{"line":53,"column":35}},"16":{"start":{"line":54,"column":12},"end":{"line":54,"column":70}},"17":{"start":{"line":55,"column":12},"end":{"line":55,"column":76}},"18":{"start":{"line":58,"column":8},"end":{"line":58,"column":76}},"19":{"start":{"line":68,"column":8},"end":{"line":68,"column":85}},"20":{"start":{"line":76,"column":65},"end":{"line":76,"column":70}},"21":{"start":{"line":77,"column":8},"end":{"line":77,"column":71}},"22":{"start":{"line":86,"column":29},"end":{"line":86,"column":38}},"23":{"start":{"line":87,"column":8},"end":{"line":87,"column":101}},"24":{"start":{"line":88,"column":8},"end":{"line":88,"column":26}},"25":{"start":{"line":92,"column":0},"end":{"line":92,"column":23}}},"fnMap":{"0":{"name":"(anonymous_0)","decl":{"start":{"line":12,"column":4},"end":{"line":12,"column":5}},"loc":{"start":{"line":12,"column":68},"end":{"line":19,"column":5}},"line":12},"1":{"name":"(anonymous_1)","decl":{"start":{"line":24,"column":4},"end":{"line":24,"column":5}},"loc":{"start":{"line":24,"column":15},"end":{"line":32,"column":5}},"line":24},"2":{"name":"(anonymous_2)","decl":{"start":{"line":37,"column":4},"end":{"line":37,"column":5}},"loc":{"start":{"line":37,"column":21},"end":{"line":39,"column":5}},"line":37},"3":{"name":"(anonymous_3)","decl":{"start":{"line":46,"column":4},"end":{"line":46,"column":5}},"loc":{"start":{"line":46,"column":38},"end":{"line":59,"column":5}},"line":46},"4":{"name":"(anonymous_4)","decl":{"start":{"line":67,"column":4},"end":{"line":67,"column":5}},"loc":{"start":{"line":67,"column":62},"end":{"line":69,"column":5}},"line":67},"5":{"name":"(anonymous_5)","decl":{"start":{"line":75,"column":4},"end":{"line":75,"column":5}},"loc":{"start":{"line":75,"column":28},"end":{"line":78,"column":5}},"line":75},"6":{"name":"(anonymous_6)","decl":{"start":{"line":85,"column":4},"end":{"line":85,"column":5}},"loc":{"start":{"line":85,"column":52},"end":{"line":89,"column":5}},"line":85}},"branchMap":{"0":{"loc":{"start":{"line":18,"column":26},"end":{"line":18,"column":50}},"type":"binary-expr","locations":[{"start":{"line":18,"column":26},"end":{"line":18,"column":36}},{"start":{"line":18,"column":40},"end":{"line":18,"column":50}}],"line":18},"1":{"loc":{"start":{"line":87,"column":21},"end":{"line":87,"column":100}},"type":"cond-expr","locations":[{"start":{"line":87,"column":69},"end":{"line":87,"column":83}},{"start":{"line":87,"column":86},"end":{"line":87,"column":100}}],"line":87}},"s":{"0":2,"1":2,"2":38,"3":38,"4":38,"5":38,"6":38,"7":38,"8":1,"9":27,"10":11,"11":11,"12":11,"13":11,"14":247066,"15":247066,"16":247066,"17":247066,"18":11,"19":247071,"20":5,"21":5,"22":247068,"23":247068,"24":247068,"25":2},"f":{"0":38,"1":1,"2":27,"3":11,"4":247071,"5":5,"6":247068},"b":{"0":[38,0],"1":[245599,1469]},"_coverageSchema":"1a1c01bbd47fc00a2c39e90264f33305004495a9","hash":"6993b63c599e89913e9f9ec2311b818019a93383"}
,"/Users/patenauc/Repos/benny-chain/blockchain/index.js": {"path":"/Users/patenauc/Repos/benny-chain/blockchain/index.js","statementMap":{"0":{"start":{"line":1,"column":14},"end":{"line":1,"column":32}},"1":{"start":{"line":8,"column":8},"end":{"line":8,"column":39}},"2":{"start":{"line":16,"column":22},"end":{"line":16,"column":78}},"3":{"start":{"line":17,"column":8},"end":{"line":17,"column":31}},"4":{"start":{"line":18,"column":8},"end":{"line":18,"column":21}},"5":{"start":{"line":26,"column":8},"end":{"line":26,"column":87}},"6":{"start":{"line":26,"column":74},"end":{"line":26,"column":87}},"7":{"start":{"line":27,"column":8},"end":{"line":31,"column":9}},"8":{"start":{"line":27,"column":21},"end":{"line":27,"column":22}},"9":{"start":{"line":28,"column":26},"end":{"line":28,"column":34}},"10":{"start":{"line":29,"column":30},"end":{"line":29,"column":42}},"11":{"start":{"line":30,"column":12},"end":{"line":30,"column":105}},"12":{"start":{"line":30,"column":92},"end":{"line":30,"column":105}},"13":{"start":{"line":32,"column":8},"end":{"line":32,"column":20}},"14":{"start":{"line":40,"column":8},"end":{"line":42,"column":9}},"15":{"start":{"line":41,"column":12},"end":{"line":41,"column":89}},"16":{"start":{"line":43,"column":8},"end":{"line":45,"column":9}},"17":{"start":{"line":44,"column":12},"end":{"line":44,"column":67}},"18":{"start":{"line":46,"column":8},"end":{"line":46,"column":48}},"19":{"start":{"line":47,"column":8},"end":{"line":47,"column":30}},"20":{"start":{"line":51,"column":0},"end":{"line":51,"column":28}}},"fnMap":{"0":{"name":"(anonymous_0)","decl":{"start":{"line":7,"column":4},"end":{"line":7,"column":5}},"loc":{"start":{"line":7,"column":18},"end":{"line":9,"column":5}},"line":7},"1":{"name":"(anonymous_1)","decl":{"start":{"line":15,"column":4},"end":{"line":15,"column":5}},"loc":{"start":{"line":15,"column":19},"end":{"line":19,"column":5}},"line":15},"2":{"name":"(anonymous_2)","decl":{"start":{"line":25,"column":4},"end":{"line":25,"column":5}},"loc":{"start":{"line":25,"column":24},"end":{"line":33,"column":5}},"line":25},"3":{"name":"(anonymous_3)","decl":{"start":{"line":39,"column":4},"end":{"line":39,"column":5}},"loc":{"start":{"line":39,"column":27},"end":{"line":48,"column":5}},"line":39}},"branchMap":{"0":{"loc":{"start":{"line":26,"column":8},"end":{"line":26,"column":87}},"type":"if","locations":[{"start":{"line":26,"column":8},"end":{"line":26,"column":87}},{"start":{},"end":{}}],"line":26},"1":{"loc":{"start":{"line":30,"column":12},"end":{"line":30,"column":105}},"type":"if","locations":[{"start":{"line":30,"column":12},"end":{"line":30,"column":105}},{"start":{},"end":{}}],"line":30},"2":{"loc":{"start":{"line":30,"column":16},"end":{"line":30,"column":90}},"type":"binary-expr","locations":[{"start":{"line":30,"column":16},"end":{"line":30,"column":49}},{"start":{"line":30,"column":53},"end":{"line":30,"column":90}}],"line":30},"3":{"loc":{"start":{"line":40,"column":8},"end":{"line":42,"column":9}},"type":"if","locations":[{"start":{"line":40,"column":8},"end":{"line":42,"column":9}},{"start":{},"end":{}}],"line":40},"4":{"loc":{"start":{"line":43,"column":8},"end":{"line":45,"column":9}},"type":"if","locations":[{"start":{"line":43,"column":8},"end":{"line":45,"column":9}},{"start":{},"end":{}}],"line":43}},"s":{"0":1,"1":16,"2":6,"3":6,"4":6,"5":5,"6":1,"7":4,"8":4,"9":5,"10":5,"11":5,"12":2,"13":2,"14":3,"15":1,"16":2,"17":1,"18":1,"19":1,"20":1},"f":{"0":16,"1":6,"2":5,"3":3},"b":{"0":[1,4],"1":[2,3],"2":[5,5],"3":[1,2],"4":[1,1]},"_coverageSchema":"1a1c01bbd47fc00a2c39e90264f33305004495a9","hash":"29174f6181ef2d9fdc046246e04a058e4ba4a68c"}
,"/Users/patenauc/Repos/benny-chain/wallet/index.js": {"path":"/Users/patenauc/Repos/benny-chain/wallet/index.js","statementMap":{"0":{"start":{"line":1,"column":18},"end":{"line":1,"column":42}},"1":{"start":{"line":2,"column":28},"end":{"line":2,"column":48}},"2":{"start":{"line":9,"column":8},"end":{"line":9,"column":39}},"3":{"start":{"line":10,"column":8},"end":{"line":10,"column":46}},"4":{"start":{"line":11,"column":8},"end":{"line":11,"column":64}},"5":{"start":{"line":18,"column":8},"end":{"line":20,"column":31}},"6":{"start":{"line":28,"column":8},"end":{"line":28,"column":43}},"7":{"start":{"line":32,"column":0},"end":{"line":32,"column":24}}},"fnMap":{"0":{"name":"(anonymous_0)","decl":{"start":{"line":8,"column":4},"end":{"line":8,"column":5}},"loc":{"start":{"line":8,"column":18},"end":{"line":12,"column":5}},"line":8},"1":{"name":"(anonymous_1)","decl":{"start":{"line":17,"column":4},"end":{"line":17,"column":5}},"loc":{"start":{"line":17,"column":15},"end":{"line":21,"column":5}},"line":17},"2":{"name":"(anonymous_2)","decl":{"start":{"line":27,"column":4},"end":{"line":27,"column":5}},"loc":{"start":{"line":27,"column":19},"end":{"line":29,"column":5}},"line":27}},"branchMap":{},"s":{"0":2,"1":2,"2":10,"3":10,"4":10,"5":1,"6":12,"7":2},"f":{"0":10,"1":1,"2":12},"b":{},"_coverageSchema":"1a1c01bbd47fc00a2c39e90264f33305004495a9","hash":"0d350c0f5f84f827204b0e1895a8e9f7ec087f09"}
,"/Users/patenauc/Repos/benny-chain/wallet/transaction.js": {"path":"/Users/patenauc/Repos/benny-chain/wallet/transaction.js","statementMap":{"0":{"start":{"line":1,"column":18},"end":{"line":1,"column":42}},"1":{"start":{"line":5,"column":8},"end":{"line":5,"column":33}},"2":{"start":{"line":6,"column":8},"end":{"line":6,"column":26}},"3":{"start":{"line":7,"column":8},"end":{"line":7,"column":26}},"4":{"start":{"line":17,"column":29},"end":{"line":17,"column":101}},"5":{"start":{"line":17,"column":59},"end":{"line":17,"column":100}},"6":{"start":{"line":18,"column":8},"end":{"line":20,"column":9}},"7":{"start":{"line":19,"column":12},"end":{"line":19,"column":92}},"8":{"start":{"line":22,"column":8},"end":{"line":22,"column":59}},"9":{"start":{"line":23,"column":8},"end":{"line":23,"column":58}},"10":{"start":{"line":24,"column":8},"end":{"line":24,"column":56}},"11":{"start":{"line":26,"column":8},"end":{"line":26,"column":20}},"12":{"start":{"line":37,"column":8},"end":{"line":39,"column":9}},"13":{"start":{"line":38,"column":12},"end":{"line":38,"column":85}},"14":{"start":{"line":41,"column":28},"end":{"line":41,"column":38}},"15":{"start":{"line":43,"column":8},"end":{"line":46,"column":10}},"16":{"start":{"line":48,"column":8},"end":{"line":48,"column":63}},"17":{"start":{"line":49,"column":8},"end":{"line":49,"column":27}},"18":{"start":{"line":58,"column":8},"end":{"line":63,"column":10}},"19":{"start":{"line":71,"column":8},"end":{"line":75,"column":10}},"20":{"start":{"line":79,"column":0},"end":{"line":79,"column":29}}},"fnMap":{"0":{"name":"(anonymous_0)","decl":{"start":{"line":4,"column":4},"end":{"line":4,"column":5}},"loc":{"start":{"line":4,"column":18},"end":{"line":8,"column":5}},"line":4},"1":{"name":"(anonymous_1)","decl":{"start":{"line":16,"column":4},"end":{"line":16,"column":5}},"loc":{"start":{"line":16,"column":44},"end":{"line":27,"column":5}},"line":16},"2":{"name":"(anonymous_2)","decl":{"start":{"line":17,"column":47},"end":{"line":17,"column":48}},"loc":{"start":{"line":17,"column":59},"end":{"line":17,"column":100}},"line":17},"3":{"name":"(anonymous_3)","decl":{"start":{"line":36,"column":4},"end":{"line":36,"column":5}},"loc":{"start":{"line":36,"column":59},"end":{"line":50,"column":5}},"line":36},"4":{"name":"(anonymous_4)","decl":{"start":{"line":57,"column":4},"end":{"line":57,"column":5}},"loc":{"start":{"line":57,"column":54},"end":{"line":64,"column":5}},"line":57},"5":{"name":"(anonymous_5)","decl":{"start":{"line":70,"column":4},"end":{"line":70,"column":5}},"loc":{"start":{"line":70,"column":42},"end":{"line":76,"column":5}},"line":70}},"branchMap":{"0":{"loc":{"start":{"line":18,"column":8},"end":{"line":20,"column":9}},"type":"if","locations":[{"start":{"line":18,"column":8},"end":{"line":20,"column":9}},{"start":{},"end":{}}],"line":18},"1":{"loc":{"start":{"line":37,"column":8},"end":{"line":39,"column":9}},"type":"if","locations":[{"start":{"line":37,"column":8},"end":{"line":39,"column":9}},{"start":{},"end":{}}],"line":37}},"s":{"0":1,"1":9,"2":9,"3":9,"4":4,"5":4,"6":4,"7":1,"8":3,"9":3,"10":3,"11":3,"12":10,"13":1,"14":9,"15":9,"16":9,"17":9,"18":12,"19":2,"20":1},"f":{"0":9,"1":4,"2":4,"3":10,"4":12,"5":2},"b":{"0":[1,3],"1":[1,9]},"_coverageSchema":"1a1c01bbd47fc00a2c39e90264f33305004495a9","hash":"a1377f9ff323fb2775075a04f6e91fcfbcdb601e"}
}
