{"/Users/patenauc/Repos/benny-chain/Block.js": {"path":"/Users/patenauc/Repos/benny-chain/Block.js","statementMap":{"0":{"start":{"line":1,"column":19},"end":{"line":1,"column":39}},"1":{"start":{"line":11,"column":8},"end":{"line":11,"column":35}},"2":{"start":{"line":12,"column":8},"end":{"line":12,"column":33}},"3":{"start":{"line":13,"column":8},"end":{"line":13,"column":25}},"4":{"start":{"line":14,"column":8},"end":{"line":14,"column":25}},"5":{"start":{"line":21,"column":8},"end":{"line":25,"column":27}},"6":{"start":{"line":32,"column":8},"end":{"line":32,"column":70}},"7":{"start":{"line":41,"column":26},"end":{"line":41,"column":36}},"8":{"start":{"line":42,"column":25},"end":{"line":42,"column":39}},"9":{"start":{"line":43,"column":21},"end":{"line":43,"column":58}},"10":{"start":{"line":45,"column":8},"end":{"line":45,"column":57}},"11":{"start":{"line":55,"column":8},"end":{"line":55,"column":67}},"12":{"start":{"line":63,"column":46},"end":{"line":63,"column":51}},"13":{"start":{"line":64,"column":8},"end":{"line":64,"column":52}},"14":{"start":{"line":68,"column":0},"end":{"line":68,"column":23}}},"fnMap":{"0":{"name":"(anonymous_0)","decl":{"start":{"line":10,"column":4},"end":{"line":10,"column":5}},"loc":{"start":{"line":10,"column":49},"end":{"line":15,"column":5}},"line":10},"1":{"name":"(anonymous_1)","decl":{"start":{"line":20,"column":4},"end":{"line":20,"column":5}},"loc":{"start":{"line":20,"column":15},"end":{"line":26,"column":5}},"line":20},"2":{"name":"(anonymous_2)","decl":{"start":{"line":31,"column":4},"end":{"line":31,"column":5}},"loc":{"start":{"line":31,"column":21},"end":{"line":33,"column":5}},"line":31},"3":{"name":"(anonymous_3)","decl":{"start":{"line":40,"column":4},"end":{"line":40,"column":5}},"loc":{"start":{"line":40,"column":38},"end":{"line":46,"column":5}},"line":40},"4":{"name":"(anonymous_4)","decl":{"start":{"line":54,"column":4},"end":{"line":54,"column":5}},"loc":{"start":{"line":54,"column":43},"end":{"line":56,"column":5}},"line":54},"5":{"name":"(anonymous_5)","decl":{"start":{"line":62,"column":4},"end":{"line":62,"column":5}},"loc":{"start":{"line":62,"column":28},"end":{"line":65,"column":5}},"line":62}},"branchMap":{},"s":{"0":2,"1":24,"2":24,"3":24,"4":24,"5":1,"6":17,"7":7,"8":7,"9":7,"10":7,"11":10,"12":3,"13":3,"14":2},"f":{"0":24,"1":1,"2":17,"3":7,"4":10,"5":3},"b":{},"_coverageSchema":"1a1c01bbd47fc00a2c39e90264f33305004495a9","hash":"4ad8d0ab7f81b06070d65a2536ec9dba53309a1d"}
,"/Users/patenauc/Repos/benny-chain/Blockchain.js": {"path":"/Users/patenauc/Repos/benny-chain/Blockchain.js","statementMap":{"0":{"start":{"line":1,"column":14},"end":{"line":1,"column":32}},"1":{"start":{"line":8,"column":8},"end":{"line":8,"column":39}},"2":{"start":{"line":16,"column":22},"end":{"line":16,"column":78}},"3":{"start":{"line":17,"column":8},"end":{"line":17,"column":31}},"4":{"start":{"line":18,"column":8},"end":{"line":18,"column":21}},"5":{"start":{"line":26,"column":8},"end":{"line":26,"column":87}},"6":{"start":{"line":26,"column":74},"end":{"line":26,"column":87}},"7":{"start":{"line":27,"column":8},"end":{"line":31,"column":9}},"8":{"start":{"line":27,"column":21},"end":{"line":27,"column":22}},"9":{"start":{"line":28,"column":26},"end":{"line":28,"column":34}},"10":{"start":{"line":29,"column":30},"end":{"line":29,"column":42}},"11":{"start":{"line":30,"column":12},"end":{"line":30,"column":105}},"12":{"start":{"line":30,"column":92},"end":{"line":30,"column":105}},"13":{"start":{"line":32,"column":8},"end":{"line":32,"column":20}},"14":{"start":{"line":36,"column":0},"end":{"line":36,"column":28}}},"fnMap":{"0":{"name":"(anonymous_0)","decl":{"start":{"line":7,"column":4},"end":{"line":7,"column":5}},"loc":{"start":{"line":7,"column":18},"end":{"line":9,"column":5}},"line":7},"1":{"name":"(anonymous_1)","decl":{"start":{"line":15,"column":4},"end":{"line":15,"column":5}},"loc":{"start":{"line":15,"column":19},"end":{"line":19,"column":5}},"line":15},"2":{"name":"(anonymous_2)","decl":{"start":{"line":25,"column":4},"end":{"line":25,"column":5}},"loc":{"start":{"line":25,"column":24},"end":{"line":33,"column":5}},"line":25}},"branchMap":{"0":{"loc":{"start":{"line":26,"column":8},"end":{"line":26,"column":87}},"type":"if","locations":[{"start":{"line":26,"column":8},"end":{"line":26,"column":87}},{"start":{},"end":{}}],"line":26},"1":{"loc":{"start":{"line":30,"column":12},"end":{"line":30,"column":105}},"type":"if","locations":[{"start":{"line":30,"column":12},"end":{"line":30,"column":105}},{"start":{},"end":{}}],"line":30},"2":{"loc":{"start":{"line":30,"column":16},"end":{"line":30,"column":90}},"type":"binary-expr","locations":[{"start":{"line":30,"column":16},"end":{"line":30,"column":49}},{"start":{"line":30,"column":53},"end":{"line":30,"column":90}}],"line":30}},"s":{"0":1,"1":10,"2":4,"3":4,"4":4,"5":3,"6":1,"7":2,"8":2,"9":3,"10":3,"11":3,"12":1,"13":1,"14":1},"f":{"0":10,"1":4,"2":3},"b":{"0":[1,2],"1":[1,2],"2":[3,3]},"_coverageSchema":"1a1c01bbd47fc00a2c39e90264f33305004495a9","hash":"8febc036a6f9b3a8ff2ed35189eed35d392218bc"}
}
