TN:
SF:chain-util.js
FN:11,(anonymous_0)
FN:18,(anonymous_1)
FN:26,(anonymous_2)
FN:36,(anonymous_3)
FNF:4
FNH:4
FNDA:10,(anonymous_0)
FNDA:9,(anonymous_1)
FNDA:247085,(anonymous_2)
FNDA:2,(anonymous_3)
DA:1,4
DA:2,4
DA:3,4
DA:6,4
DA:12,10
DA:19,9
DA:27,247085
DA:37,2
DA:41,4
LF:9
LH:9
BRF:0
BRH:0
end_of_record
TN:
SF:config.js
FNF:0
FNH:0
DA:1,4
DA:2,4
DA:3,4
DA:5,4
LF:4
LH:4
BRF:0
BRH:0
end_of_record
TN:
SF:blockchain/block.js
FN:12,(anonymous_0)
FN:24,(anonymous_1)
FN:37,(anonymous_2)
FN:46,(anonymous_3)
FN:67,(anonymous_4)
FN:75,(anonymous_5)
FN:85,(anonymous_6)
FNF:7
FNH:7
FNDA:38,(anonymous_0)
FNDA:1,(anonymous_1)
FNDA:27,(anonymous_2)
FNDA:11,(anonymous_3)
FNDA:247071,(anonymous_4)
FNDA:5,(anonymous_5)
FNDA:247068,(anonymous_6)
DA:1,2
DA:2,2
DA:13,38
DA:14,38
DA:15,38
DA:16,38
DA:17,38
DA:18,38
DA:25,1
DA:38,27
DA:48,11
DA:49,11
DA:50,11
DA:51,11
DA:52,247066
DA:53,247066
DA:54,247066
DA:55,247066
DA:58,11
DA:68,247071
DA:76,5
DA:77,5
DA:86,247068
DA:87,247068
DA:88,247068
DA:92,2
LF:26
LH:26
BRDA:18,0,0,38
BRDA:18,0,1,0
BRDA:87,1,0,245599
BRDA:87,1,1,1469
BRF:4
BRH:3
end_of_record
TN:
SF:blockchain/index.js
FN:7,(anonymous_0)
FN:15,(anonymous_1)
FN:25,(anonymous_2)
FN:39,(anonymous_3)
FNF:4
FNH:4
FNDA:16,(anonymous_0)
FNDA:6,(anonymous_1)
FNDA:5,(anonymous_2)
FNDA:3,(anonymous_3)
DA:1,1
DA:8,16
DA:16,6
DA:17,6
DA:18,6
DA:26,5
DA:27,4
DA:28,5
DA:29,5
DA:30,5
DA:32,2
DA:40,3
DA:41,1
DA:43,2
DA:44,1
DA:46,1
DA:47,1
DA:51,1
LF:18
LH:18
BRDA:26,0,0,1
BRDA:26,0,1,4
BRDA:30,1,0,2
BRDA:30,1,1,3
BRDA:30,2,0,5
BRDA:30,2,1,5
BRDA:40,3,0,1
BRDA:40,3,1,2
BRDA:43,4,0,1
BRDA:43,4,1,1
BRF:10
BRH:10
end_of_record
TN:
SF:wallet/index.js
FN:8,(anonymous_0)
FN:17,(anonymous_1)
FN:27,(anonymous_2)
FNF:3
FNH:3
FNDA:10,(anonymous_0)
FNDA:1,(anonymous_1)
FNDA:12,(anonymous_2)
DA:1,2
DA:2,2
DA:9,10
DA:10,10
DA:11,10
DA:18,1
DA:28,12
DA:32,2
LF:8
LH:8
BRF:0
BRH:0
end_of_record
TN:
SF:wallet/transaction.js
FN:4,(anonymous_0)
FN:16,(anonymous_1)
FN:17,(anonymous_2)
FN:36,(anonymous_3)
FN:57,(anonymous_4)
FN:70,(anonymous_5)
FNF:6
FNH:6
FNDA:9,(anonymous_0)
FNDA:4,(anonymous_1)
FNDA:4,(anonymous_2)
FNDA:10,(anonymous_3)
FNDA:12,(anonymous_4)
FNDA:2,(anonymous_5)
DA:1,1
DA:5,9
DA:6,9
DA:7,9
DA:17,4
DA:18,4
DA:19,1
DA:22,3
DA:23,3
DA:24,3
DA:26,3
DA:37,10
DA:38,1
DA:41,9
DA:43,9
DA:48,9
DA:49,9
DA:58,12
DA:71,2
DA:79,1
LF:20
LH:20
BRDA:18,0,0,1
BRDA:18,0,1,3
BRDA:37,1,0,1
BRDA:37,1,1,9
BRF:4
BRH:4
end_of_record
