TN:
SF:Block.js
FN:10,(anonymous_0)
FN:20,(anonymous_1)
FN:31,(anonymous_2)
FN:40,(anonymous_3)
FN:54,(anonymous_4)
FN:62,(anonymous_5)
FNF:6
FNH:6
FNDA:24,(anonymous_0)
FNDA:1,(anonymous_1)
FNDA:17,(anonymous_2)
FNDA:7,(anonymous_3)
FNDA:10,(anonymous_4)
FNDA:3,(anonymous_5)
DA:1,2
DA:11,24
DA:12,24
DA:13,24
DA:14,24
DA:21,1
DA:32,17
DA:41,7
DA:42,7
DA:43,7
DA:45,7
DA:55,10
DA:63,3
DA:64,3
DA:68,2
LF:15
LH:15
BRF:0
BRH:0
end_of_record
TN:
SF:Blockchain.js
FN:7,(anonymous_0)
FN:15,(anonymous_1)
FN:25,(anonymous_2)
FNF:3
FNH:3
FNDA:10,(anonymous_0)
FNDA:4,(anonymous_1)
FNDA:3,(anonymous_2)
DA:1,1
DA:8,10
DA:16,4
DA:17,4
DA:18,4
DA:26,3
DA:27,2
DA:28,3
DA:29,3
DA:30,3
DA:32,1
DA:36,1
LF:12
LH:12
BRDA:26,0,0,1
BRDA:26,0,1,2
BRDA:30,1,0,1
BRDA:30,1,1,2
BRDA:30,2,0,3
BRDA:30,2,1,3
BRF:6
BRH:6
end_of_record
